<?xml version="1.0" encoding="UTF-8"?>
<!-- Generated by org.testng.reporters.JUnitXMLReporter -->
<testsuite hostname="LAPTOP-T2D0RNDH" ignored="0" name="ShopCartt App Test Cases" tests="36" failures="0" timestamp="02 May 2019 18:42:29 GMT" time="262.929" errors="0">
  <testcase name="verifyUrlTitleTest" time="0.032" classname="com.shopcart.qa.testpages.AdminLoginPageTest"/>
  <testcase name="verifyUrlLogoLinkTest" time="0.076" classname="com.shopcart.qa.testpages.AdminLoginPageTest"/>
  <testcase name="verifyUrlVersionTextTest" time="0.143" classname="com.shopcart.qa.testpages.AdminLoginPageTest"/>
  <testcase name="verifyUrlImageTest" time="0.068" classname="com.shopcart.qa.testpages.AdminLoginPageTest"/>
  <testcase name="verifyShopCarttTextTest" time="0.082" classname="com.shopcart.qa.testpages.AdminLoginPageTest"/>
  <testcase name="verifyStayLoggedInTextTest" time="0.086" classname="com.shopcart.qa.testpages.AdminLoginPageTest"/>
  <testcase name="ClickOnStayLoggedInCheckboxTest" time="0.25" classname="com.shopcart.qa.testpages.AdminLoginPageTest"/>
  <testcase name="verifyUrlRightsLinkTest" time="0.06" classname="com.shopcart.qa.testpages.AdminLoginPageTest"/>
  <testcase name="verifyTwitterIconLinkTest" time="0.083" classname="com.shopcart.qa.testpages.AdminLoginPageTest"/>
  <testcase name="verifyFacebookIconLinkTest" time="0.048" classname="com.shopcart.qa.testpages.AdminLoginPageTest"/>
  <testcase name="verifyGithubIconLinkTest" time="0.065" classname="com.shopcart.qa.testpages.AdminLoginPageTest"/>
  <testcase name="verifyGooglePlusLinkTest" time="0.062" classname="com.shopcart.qa.testpages.AdminLoginPageTest"/>
  <testcase name="blankAdminLoginDetailsTest" time="0.615" classname="com.shopcart.qa.testpages.AdminLoginPageTest"/>
  <testcase name="InvalidAdminLoginDetailsTest" time="0.91" classname="com.shopcart.qa.testpages.AdminLoginPageTest"/>
  <testcase name="InvalidPasswordTest" time="0.832" classname="com.shopcart.qa.testpages.AdminLoginPageTest"/>
  <testcase name="InvalidEmailValidFormatTest" time="0.794" classname="com.shopcart.qa.testpages.AdminLoginPageTest"/>
  <testcase name="InvalidEmailInvalidFormatTest" time="0.656" classname="com.shopcart.qa.testpages.AdminLoginPageTest"/>
  <testcase name="BlankEmailValidPasswordTest" time="0.567" classname="com.shopcart.qa.testpages.AdminLoginPageTest"/>
  <testcase name="ValidEmailFormatInvalidPasswordFormatTest" time="0.808" classname="com.shopcart.qa.testpages.AdminLoginPageTest"/>
  <testcase name="ValidEmailBlankPasswordTest" time="0.722" classname="com.shopcart.qa.testpages.AdminLoginPageTest"/>
  <testcase name="enterValidAdminLoginDetailsTest" time="0.748" classname="com.shopcart.qa.testpages.AdminLoginPageTest"/>
  <testcase name="verifyEmailPlaceholderTest" time="0.039" classname="com.shopcart.qa.testpages.AdminLoginPageTest"/>
  <testcase name="verifyPasswordPlaceholderTest" time="0.04" classname="com.shopcart.qa.testpages.AdminLoginPageTest"/>
  <testcase name="check_LoginButton_colorTest" time="1.206" classname="com.shopcart.qa.testpages.AdminLoginPageTest"/>
  <testcase name="verifyLoginTextTest" time="0.058" classname="com.shopcart.qa.testpages.AdminLoginPageTest"/>
  <testcase name="forgotPasswordLinkTest" time="0.056" classname="com.shopcart.qa.testpages.AdminLoginPageTest"/>
  <testcase name="urlRightTextTest" time="0.064" classname="com.shopcart.qa.testpages.AdminLoginPageTest"/>
  <testcase name="check_twitter_logo_colorTest" time="0.756" classname="com.shopcart.qa.testpages.AdminLoginPageTest"/>
  <testcase name="check_facebook_logo_colorTest" time="0.53" classname="com.shopcart.qa.testpages.AdminLoginPageTest"/>
  <testcase name="check_github_logo_colorTest" time="0.757" classname="com.shopcart.qa.testpages.AdminLoginPageTest"/>
  <testcase name="check_googleplus_logo_colorTest" time="0.605" classname="com.shopcart.qa.testpages.AdminLoginPageTest"/>
  <testcase name="ClickOnForgotPasswordLinkTest" time="0.126" classname="com.shopcart.qa.testpages.AdminLoginPageTest"/>
  <testcase name="ClickOnTwitterIconTest" time="6.419" classname="com.shopcart.qa.testpages.AdminLoginPageTest"/>
  <testcase name="ClickOnGithubIconTest" time="7.021" classname="com.shopcart.qa.testpages.AdminLoginPageTest"/>
  <testcase name="ClickOnFacebookIconTest" time="2.548" classname="com.shopcart.qa.testpages.AdminLoginPageTest"/>
  <testcase name="ClickOnGooglePlusIconTest" time="4.407" classname="com.shopcart.qa.testpages.AdminLoginPageTest"/>
</testsuite> <!-- ShopCartt App Test Cases -->
