<?xml version="1.0" encoding="UTF-8"?>
<!-- Generated by org.testng.reporters.JUnitXMLReporter -->
<testsuite hostname="LAPTOP-T2D0RNDH" ignored="56" name="Default test" tests="1" failures="1" timestamp="06 May 2019 06:41:34 GMT" time="49.769" errors="0">
  <testcase name="AddNewCustomerTest" time="22.124" classname="com.shopcart.qa.testpages.CustomersPageTest">
    <failure type="org.openqa.selenium.NoSuchElementException" message="Cannot locate element with text: 8.0
For documentation on this error, please visit: https://www.seleniumhq.org/exceptions/no_such_element.html
Build info: version: &amp;apos;3.141.59&amp;apos;, revision: &amp;apos;e82be7d358&amp;apos;, time: &amp;apos;2018-11-14T08:17:03&amp;apos;
System info: host: &amp;apos;LAPTOP-T2D0RNDH&amp;apos;, ip: &amp;apos;192.168.0.134&amp;apos;, os.name: &amp;apos;Windows 10&amp;apos;, os.arch: &amp;apos;amd64&amp;apos;, os.version: &amp;apos;10.0&amp;apos;, java.version: &amp;apos;1.8.0_191&amp;apos;
Driver info: driver.version: unknown">
      <![CDATA[org.openqa.selenium.NoSuchElementException: Cannot locate element with text: 8.0
For documentation on this error, please visit: https://www.seleniumhq.org/exceptions/no_such_element.html
Build info: version: '3.141.59', revision: 'e82be7d358', time: '2018-11-14T08:17:03'
System info: host: 'LAPTOP-T2D0RNDH', ip: '192.168.0.134', os.name: 'Windows 10', os.arch: 'amd64', os.version: '10.0', java.version: '1.8.0_191'
Driver info: driver.version: unknown
at org.openqa.selenium.support.ui.Select.selectByVisibleText(Select.java:147)
at com.shopcart.qa.util.DropDownHelper.SelectUsingVisibleValue(DropDownHelper.java:21)
at com.shopcart.qa.pages.CustomersPage.AddNewCustomer(CustomersPage.java:658)
at com.shopcart.qa.testpages.CustomersPageTest.AddNewCustomerTest(CustomersPageTest.java:572)
at sun.reflect.NativeMethodAccessorImpl.invoke0(Native Method)
at sun.reflect.NativeMethodAccessorImpl.invoke(NativeMethodAccessorImpl.java:62)
at sun.reflect.DelegatingMethodAccessorImpl.invoke(DelegatingMethodAccessorImpl.java:43)
at java.lang.reflect.Method.invoke(Method.java:498)
at org.testng.internal.MethodInvocationHelper.invokeMethod(MethodInvocationHelper.java:124)
at org.testng.internal.Invoker.invokeMethod(Invoker.java:583)
at org.testng.internal.Invoker.invokeTestMethod(Invoker.java:719)
at org.testng.internal.Invoker.invokeTestMethods(Invoker.java:989)
at org.testng.internal.TestMethodWorker.invokeTestMethods(TestMethodWorker.java:125)
at org.testng.internal.TestMethodWorker.run(TestMethodWorker.java:109)
at org.testng.TestRunner.privateRun(TestRunner.java:648)
at org.testng.TestRunner.run(TestRunner.java:505)
at org.testng.SuiteRunner.runTest(SuiteRunner.java:455)
at org.testng.SuiteRunner.runSequentially(SuiteRunner.java:450)
at org.testng.SuiteRunner.privateRun(SuiteRunner.java:415)
at org.testng.SuiteRunner.run(SuiteRunner.java:364)
at org.testng.SuiteRunnerWorker.runSuite(SuiteRunnerWorker.java:52)
at org.testng.SuiteRunnerWorker.run(SuiteRunnerWorker.java:84)
at org.testng.TestNG.runSuitesSequentially(TestNG.java:1208)
at org.testng.TestNG.runSuitesLocally(TestNG.java:1137)
at org.testng.TestNG.runSuites(TestNG.java:1049)
at org.testng.TestNG.run(TestNG.java:1017)
at org.testng.remote.AbstractRemoteTestNG.run(AbstractRemoteTestNG.java:114)
at org.testng.remote.RemoteTestNG.initAndRun(RemoteTestNG.java:251)
at org.testng.remote.RemoteTestNG.main(RemoteTestNG.java:77)
]]>
    </failure>
  </testcase> <!-- AddNewCustomerTest -->
  <testcase name="verifyingCustomerTextTest" time="0.0" classname="com.shopcart.qa.testpages.CustomersPageTest">
    <ignored/>
  </testcase> <!-- verifyingCustomerTextTest -->
  <testcase name="verifyRefreshIconTest" time="0.0" classname="com.shopcart.qa.testpages.CustomersPageTest">
    <ignored/>
  </testcase> <!-- verifyRefreshIconTest -->
  <testcase name="ClickOnBulkActionBtnTest" time="0.0" classname="com.shopcart.qa.testpages.CustomersPageTest">
    <ignored/>
  </testcase> <!-- ClickOnBulkActionBtnTest -->
  <testcase name="verifyModuleListIconTest" time="0.0" classname="com.shopcart.qa.testpages.CustomersPageTest">
    <ignored/>
  </testcase> <!-- verifyModuleListIconTest -->
  <testcase name="Check_HelpIcon_ColorTest" time="0.0" classname="com.shopcart.qa.testpages.CustomersPageTest">
    <ignored/>
  </testcase> <!-- Check_HelpIcon_ColorTest -->
  <testcase name="verifyEnvelopeIconTest" time="0.0" classname="com.shopcart.qa.testpages.CustomersPageTest">
    <ignored/>
  </testcase> <!-- verifyEnvelopeIconTest -->
  <testcase name="ClickOnTitlesTest" time="0.0" classname="com.shopcart.qa.testpages.CustomersPageTest">
    <ignored/>
  </testcase> <!-- ClickOnTitlesTest -->
  <testcase name="verifyExportIconTest" time="0.0" classname="com.shopcart.qa.testpages.CustomersPageTest">
    <ignored/>
  </testcase> <!-- verifyExportIconTest -->
  <testcase name="verifySearchIconTest" time="0.0" classname="com.shopcart.qa.testpages.CustomersPageTest">
    <ignored/>
  </testcase> <!-- verifySearchIconTest -->
  <testcase name="Check_RefreshIcon_ColorTest" time="0.0" classname="com.shopcart.qa.testpages.CustomersPageTest">
    <ignored/>
  </testcase> <!-- Check_RefreshIcon_ColorTest -->
  <testcase name="ClickOnCustomerTagTextTest" time="0.0" classname="com.shopcart.qa.testpages.CustomersPageTest">
    <ignored/>
  </testcase> <!-- ClickOnCustomerTagTextTest -->
  <testcase name="Check_ModuleListIcon_ColorTest" time="0.0" classname="com.shopcart.qa.testpages.CustomersPageTest">
    <ignored/>
  </testcase> <!-- Check_ModuleListIcon_ColorTest -->
  <testcase name="Check_ExportIcon_ColorTest" time="0.0" classname="com.shopcart.qa.testpages.CustomersPageTest">
    <ignored/>
  </testcase> <!-- Check_ExportIcon_ColorTest -->
  <testcase name="Check_NewIcon_ColorTest" time="0.0" classname="com.shopcart.qa.testpages.CustomersPageTest">
    <ignored/>
  </testcase> <!-- Check_NewIcon_ColorTest -->
  <testcase name="verifyHelpIconTest" time="0.0" classname="com.shopcart.qa.testpages.CustomersPageTest">
    <ignored/>
  </testcase> <!-- verifyHelpIconTest -->
  <testcase name="verifyBulkActionBtnTest" time="0.0" classname="com.shopcart.qa.testpages.CustomersPageTest">
    <ignored/>
  </testcase> <!-- verifyBulkActionBtnTest -->
  <testcase name="verifyTerminalIconTest" time="0.0" classname="com.shopcart.qa.testpages.CustomersPageTest">
    <ignored/>
  </testcase> <!-- verifyTerminalIconTest -->
  <testcase name="verifyAddNewCustomerIconTest" time="0.0" classname="com.shopcart.qa.testpages.CustomersPageTest">
    <ignored/>
  </testcase> <!-- verifyAddNewCustomerIconTest -->
  <testcase name="ClickOnModuleListTextTest" time="0.0" classname="com.shopcart.qa.testpages.CustomersPageTest">
    <ignored/>
  </testcase> <!-- ClickOnModuleListTextTest -->
  <testcase name="verifySetReqBtnTest" time="0.0" classname="com.shopcart.qa.testpages.CustomersPageTest">
    <ignored/>
  </testcase> <!-- verifySetReqBtnTest -->
  <testcase name="verifyingAverageAgeTextTest" time="0.0" classname="com.shopcart.qa.testpages.CustomersPageTest">
    <ignored/>
  </testcase> <!-- verifyingAverageAgeTextTest -->
  <testcase name="ClickOnSaveIconTest" time="0.0" classname="com.shopcart.qa.testpages.CustomersPageTest">
    <ignored/>
  </testcase> <!-- ClickOnSaveIconTest -->
  <testcase name="ClickOnAddressesTest" time="0.0" classname="com.shopcart.qa.testpages.CustomersPageTest">
    <ignored/>
  </testcase> <!-- ClickOnAddressesTest -->
  <testcase name="verifyCalenderIconTest" time="0.0" classname="com.shopcart.qa.testpages.CustomersPageTest">
    <ignored/>
  </testcase> <!-- verifyCalenderIconTest -->
  <testcase name="verifyingHelpTextTest" time="0.0" classname="com.shopcart.qa.testpages.CustomersPageTest">
    <ignored/>
  </testcase> <!-- verifyingHelpTextTest -->
  <testcase name="verifyingModuleListTextTest" time="0.0" classname="com.shopcart.qa.testpages.CustomersPageTest">
    <ignored/>
  </testcase> <!-- verifyingModuleListTextTest -->
  <testcase name="verifyingAddNewCustomerTextTest" time="0.0" classname="com.shopcart.qa.testpages.CustomersPageTest">
    <ignored/>
  </testcase> <!-- verifyingAddNewCustomerTextTest -->
  <testcase name="Check_SaveIconBtn_ColorTest" time="0.0" classname="com.shopcart.qa.testpages.CustomersPageTest">
    <ignored/>
  </testcase> <!-- Check_SaveIconBtn_ColorTest -->
  <testcase name="verifyReqFieldCheckboxTest" time="0.0" classname="com.shopcart.qa.testpages.CustomersPageTest">
    <ignored/>
  </testcase> <!-- verifyReqFieldCheckboxTest -->
  <testcase name="ClickOnSearchBtnTest" time="0.0" classname="com.shopcart.qa.testpages.CustomersPageTest">
    <ignored/>
  </testcase> <!-- ClickOnSearchBtnTest -->
  <testcase name="verifyMaleIconTest" time="0.0" classname="com.shopcart.qa.testpages.CustomersPageTest">
    <ignored/>
  </testcase> <!-- verifyMaleIconTest -->
  <testcase name="ClickOnCustomerServicesTest" time="0.0" classname="com.shopcart.qa.testpages.CustomersPageTest">
    <ignored/>
  </testcase> <!-- ClickOnCustomerServicesTest -->
  <testcase name="ClickOnAddNewCustomerTextTest" time="0.0" classname="com.shopcart.qa.testpages.CustomersPageTest">
    <ignored/>
  </testcase> <!-- ClickOnAddNewCustomerTextTest -->
  <testcase name="verifyImportIconTest" time="0.0" classname="com.shopcart.qa.testpages.CustomersPageTest">
    <ignored/>
  </testcase> <!-- verifyImportIconTest -->
  <testcase name="Check_SetReqBtn_ColorTest" time="0.0" classname="com.shopcart.qa.testpages.CustomersPageTest">
    <ignored/>
  </testcase> <!-- Check_SetReqBtn_ColorTest -->
  <testcase name="ClickOnHelpTextTest" time="0.0" classname="com.shopcart.qa.testpages.CustomersPageTest">
    <ignored/>
  </testcase> <!-- ClickOnHelpTextTest -->
  <testcase name="Check_AddNewCustomerIcon_ColorTest" time="0.0" classname="com.shopcart.qa.testpages.CustomersPageTest">
    <ignored/>
  </testcase> <!-- Check_AddNewCustomerIcon_ColorTest -->
  <testcase name="verifyCustomersPageTitleTest" time="0.0" classname="com.shopcart.qa.testpages.CustomersPageTest">
    <ignored/>
  </testcase> <!-- verifyCustomersPageTitleTest -->
  <testcase name="verifyCustomerTagTextTest" time="0.0" classname="com.shopcart.qa.testpages.CustomersPageTest">
    <ignored/>
  </testcase> <!-- verifyCustomerTagTextTest -->
  <testcase name="verifyCurrentTitleTest" time="0.0" classname="com.shopcart.qa.testpages.CustomersPageTest">
    <ignored/>
  </testcase> <!-- verifyCurrentTitleTest -->
  <testcase name="Check_SearchIcon_ColorTest" time="0.0" classname="com.shopcart.qa.testpages.CustomersPageTest">
    <ignored/>
  </testcase> <!-- Check_SearchIcon_ColorTest -->
  <testcase name="verifyingSetReqBtnTest" time="0.0" classname="com.shopcart.qa.testpages.CustomersPageTest">
    <ignored/>
  </testcase> <!-- verifyingSetReqBtnTest -->
  <testcase name="Check_DatabaseIcon_ColorTest" time="0.0" classname="com.shopcart.qa.testpages.CustomersPageTest">
    <ignored/>
  </testcase> <!-- Check_DatabaseIcon_ColorTest -->
  <testcase name="ClickOnGroupsTest" time="0.0" classname="com.shopcart.qa.testpages.CustomersPageTest">
    <ignored/>
  </testcase> <!-- ClickOnGroupsTest -->
  <testcase name="ClickOnContactsTest" time="0.0" classname="com.shopcart.qa.testpages.CustomersPageTest">
    <ignored/>
  </testcase> <!-- ClickOnContactsTest -->
  <testcase name="verifyingOrdersPerCustomerTextTest" time="0.0" classname="com.shopcart.qa.testpages.CustomersPageTest">
    <ignored/>
  </testcase> <!-- verifyingOrdersPerCustomerTextTest -->
  <testcase name="ClickOnSetReqBtnTest" time="0.0" classname="com.shopcart.qa.testpages.CustomersPageTest">
    <ignored/>
  </testcase> <!-- ClickOnSetReqBtnTest -->
  <testcase name="verifyNewIconTest" time="0.0" classname="com.shopcart.qa.testpages.CustomersPageTest">
    <ignored/>
  </testcase> <!-- verifyNewIconTest -->
  <testcase name="Check_ImportIcon_ColorTest" time="0.0" classname="com.shopcart.qa.testpages.CustomersPageTest">
    <ignored/>
  </testcase> <!-- Check_ImportIcon_ColorTest -->
  <testcase name="verifyingNewsletterRegdTextTest" time="0.0" classname="com.shopcart.qa.testpages.CustomersPageTest">
    <ignored/>
  </testcase> <!-- verifyingNewsletterRegdTextTest -->
  <testcase name="verifyRetweetIconTest" time="0.0" classname="com.shopcart.qa.testpages.CustomersPageTest">
    <ignored/>
  </testcase> <!-- verifyRetweetIconTest -->
  <testcase name="verifyingBulkActionBtnTest" time="0.0" classname="com.shopcart.qa.testpages.CustomersPageTest">
    <ignored/>
  </testcase> <!-- verifyingBulkActionBtnTest -->
  <testcase name="Check_BulkActionBtn_ColorTest" time="0.0" classname="com.shopcart.qa.testpages.CustomersPageTest">
    <ignored/>
  </testcase> <!-- Check_BulkActionBtn_ColorTest -->
  <testcase name="verifyDatabaseIconTest" time="0.0" classname="com.shopcart.qa.testpages.CustomersPageTest">
    <ignored/>
  </testcase> <!-- verifyDatabaseIconTest -->
  <testcase name="Check_TerminalIcon_ColorTest" time="0.0" classname="com.shopcart.qa.testpages.CustomersPageTest">
    <ignored/>
  </testcase> <!-- Check_TerminalIcon_ColorTest -->
  <testcase name="ClickOnShoppingCartsTest" time="0.0" classname="com.shopcart.qa.testpages.CustomersPageTest">
    <ignored/>
  </testcase> <!-- ClickOnShoppingCartsTest -->
</testsuite> <!-- Default test -->
