<?xml version="1.0" encoding="UTF-8"?>
<testng-results skipped="0" failed="1" ignored="56" total="57" passed="0">
  <reporter-output>
  </reporter-output>
  <suite name="Default suite" duration-ms="49769" started-at="2019-05-06T06:40:45Z" finished-at="2019-05-06T06:41:34Z">
    <groups>
    </groups>
    <test name="Default test" duration-ms="49769" started-at="2019-05-06T06:40:45Z" finished-at="2019-05-06T06:41:34Z">
      <class name="com.shopcart.qa.testpages.CustomersPageTest">
        <test-method status="PASS" signature="setEnv()[pri:0, instance:com.shopcart.qa.testpages.CustomersPageTest@3a5ed7a6]" name="setEnv" is-config="true" duration-ms="25742" started-at="2019-05-06T06:40:46Z" finished-at="2019-05-06T06:41:11Z">
          <reporter-output>
          </reporter-output>
        </test-method> <!-- setEnv -->
        <test-method status="FAIL" signature="AddNewCustomerTest(java.lang.String, java.lang.String, java.lang.String, java.lang.String, java.lang.String, java.lang.String, java.lang.String)[pri:57, instance:com.shopcart.qa.testpages.CustomersPageTest@3a5ed7a6]" name="AddNewCustomerTest" duration-ms="22124" started-at="2019-05-06T06:41:11Z" data-provider="getAddNewCustomerData" finished-at="2019-05-06T06:41:33Z">
          <params>
            <param index="0">
              <value>
                <![CDATA[Gaurav]]>
              </value>
            </param>
            <param index="1">
              <value>
                <![CDATA[Mehra]]>
              </value>
            </param>
            <param index="2">
              <value>
                <![CDATA[gm@gmail.com]]>
              </value>
            </param>
            <param index="3">
              <value>
                <![CDATA[abc123]]>
              </value>
            </param>
            <param index="4">
              <value>
                <![CDATA[8.0]]>
              </value>
            </param>
            <param index="5">
              <value>
                <![CDATA[May]]>
              </value>
            </param>
            <param index="6">
              <value>
                <![CDATA[1993.0]]>
              </value>
            </param>
          </params>
          <exception class="org.openqa.selenium.NoSuchElementException">
            <message>
              <![CDATA[Cannot locate element with text: 8.0
For documentation on this error, please visit: https://www.seleniumhq.org/exceptions/no_such_element.html
Build info: version: '3.141.59', revision: 'e82be7d358', time: '2018-11-14T08:17:03'
System info: host: 'LAPTOP-T2D0RNDH', ip: '192.168.0.134', os.name: 'Windows 10', os.arch: 'amd64', os.version: '10.0', java.version: '1.8.0_191'
Driver info: driver.version: unknown]]>
            </message>
            <full-stacktrace>
              <![CDATA[org.openqa.selenium.NoSuchElementException: Cannot locate element with text: 8.0
For documentation on this error, please visit: https://www.seleniumhq.org/exceptions/no_such_element.html
Build info: version: '3.141.59', revision: 'e82be7d358', time: '2018-11-14T08:17:03'
System info: host: 'LAPTOP-T2D0RNDH', ip: '192.168.0.134', os.name: 'Windows 10', os.arch: 'amd64', os.version: '10.0', java.version: '1.8.0_191'
Driver info: driver.version: unknown
at org.openqa.selenium.support.ui.Select.selectByVisibleText(Select.java:147)
at com.shopcart.qa.util.DropDownHelper.SelectUsingVisibleValue(DropDownHelper.java:21)
at com.shopcart.qa.pages.CustomersPage.AddNewCustomer(CustomersPage.java:658)
at com.shopcart.qa.testpages.CustomersPageTest.AddNewCustomerTest(CustomersPageTest.java:572)
at sun.reflect.NativeMethodAccessorImpl.invoke0(Native Method)
at sun.reflect.NativeMethodAccessorImpl.invoke(NativeMethodAccessorImpl.java:62)
at sun.reflect.DelegatingMethodAccessorImpl.invoke(DelegatingMethodAccessorImpl.java:43)
at java.lang.reflect.Method.invoke(Method.java:498)
at org.testng.internal.MethodInvocationHelper.invokeMethod(MethodInvocationHelper.java:124)
at org.testng.internal.Invoker.invokeMethod(Invoker.java:583)
at org.testng.internal.Invoker.invokeTestMethod(Invoker.java:719)
at org.testng.internal.Invoker.invokeTestMethods(Invoker.java:989)
at org.testng.internal.TestMethodWorker.invokeTestMethods(TestMethodWorker.java:125)
at org.testng.internal.TestMethodWorker.run(TestMethodWorker.java:109)
at org.testng.TestRunner.privateRun(TestRunner.java:648)
at org.testng.TestRunner.run(TestRunner.java:505)
at org.testng.SuiteRunner.runTest(SuiteRunner.java:455)
at org.testng.SuiteRunner.runSequentially(SuiteRunner.java:450)
at org.testng.SuiteRunner.privateRun(SuiteRunner.java:415)
at org.testng.SuiteRunner.run(SuiteRunner.java:364)
at org.testng.SuiteRunnerWorker.runSuite(SuiteRunnerWorker.java:52)
at org.testng.SuiteRunnerWorker.run(SuiteRunnerWorker.java:84)
at org.testng.TestNG.runSuitesSequentially(TestNG.java:1208)
at org.testng.TestNG.runSuitesLocally(TestNG.java:1137)
at org.testng.TestNG.runSuites(TestNG.java:1049)
at org.testng.TestNG.run(TestNG.java:1017)
at org.testng.remote.AbstractRemoteTestNG.run(AbstractRemoteTestNG.java:114)
at org.testng.remote.RemoteTestNG.initAndRun(RemoteTestNG.java:251)
at org.testng.remote.RemoteTestNG.main(RemoteTestNG.java:77)
]]>
            </full-stacktrace>
          </exception> <!-- org.openqa.selenium.NoSuchElementException -->
          <reporter-output>
          </reporter-output>
        </test-method> <!-- AddNewCustomerTest -->
        <test-method status="PASS" signature="tearDown()[pri:0, instance:com.shopcart.qa.testpages.CustomersPageTest@3a5ed7a6]" name="tearDown" is-config="true" duration-ms="915" started-at="2019-05-06T06:41:33Z" finished-at="2019-05-06T06:41:34Z">
          <reporter-output>
          </reporter-output>
        </test-method> <!-- tearDown -->
      </class> <!-- com.shopcart.qa.testpages.CustomersPageTest -->
    </test> <!-- Default test -->
  </suite> <!-- Default suite -->
</testng-results>
