<?xml version="1.0" encoding="UTF-8"?>
<testng-results skipped="0" failed="2" ignored="0" total="50" passed="48">
  <reporter-output>
  </reporter-output>
  <suite name="Default suite" duration-ms="534924" started-at="2019-05-03T14:10:58Z" finished-at="2019-05-03T14:19:53Z">
    <groups>
    </groups>
    <test name="Default test" duration-ms="534924" started-at="2019-05-03T14:10:58Z" finished-at="2019-05-03T14:19:53Z">
      <class name="com.shopcart.qa.testpages.DashboardTest">
        <test-method status="PASS" signature="setEnv()[pri:0, instance:com.shopcart.qa.testpages.DashboardTest@5622fdf]" name="setEnv" is-config="true" duration-ms="17169" started-at="2019-05-03T14:10:58Z" finished-at="2019-05-03T14:11:15Z">
          <reporter-output>
          </reporter-output>
        </test-method> <!-- setEnv -->
        <test-method status="FAIL" signature="verifyDashboardTitleTest()[pri:1, instance:com.shopcart.qa.testpages.DashboardTest@5622fdf]" name="verifyDashboardTitleTest" duration-ms="39" started-at="2019-05-03T14:11:15Z" finished-at="2019-05-03T14:11:15Z">
          <exception class="java.lang.AssertionError">
            <message>
              <![CDATA[expected [Dashboard • ShopCartt] but found [ShopCartt > Administration panel (PrestaShop™)]]]>
            </message>
            <full-stacktrace>
              <![CDATA[java.lang.AssertionError: expected [Dashboard • ShopCartt] but found [ShopCartt > Administration panel (PrestaShop™)]
at org.testng.Assert.fail(Assert.java:96)
at org.testng.Assert.failNotEquals(Assert.java:776)
at org.testng.Assert.assertEqualsImpl(Assert.java:137)
at org.testng.Assert.assertEquals(Assert.java:118)
at org.testng.Assert.assertEquals(Assert.java:453)
at org.testng.Assert.assertEquals(Assert.java:463)
at com.shopcart.qa.testpages.DashboardTest.verifyDashboardTitleTest(DashboardTest.java:34)
at sun.reflect.NativeMethodAccessorImpl.invoke0(Native Method)
at sun.reflect.NativeMethodAccessorImpl.invoke(NativeMethodAccessorImpl.java:62)
at sun.reflect.DelegatingMethodAccessorImpl.invoke(DelegatingMethodAccessorImpl.java:43)
at java.lang.reflect.Method.invoke(Method.java:498)
at org.testng.internal.MethodInvocationHelper.invokeMethod(MethodInvocationHelper.java:124)
at org.testng.internal.Invoker.invokeMethod(Invoker.java:583)
at org.testng.internal.Invoker.invokeTestMethod(Invoker.java:719)
at org.testng.internal.Invoker.invokeTestMethods(Invoker.java:989)
at org.testng.internal.TestMethodWorker.invokeTestMethods(TestMethodWorker.java:125)
at org.testng.internal.TestMethodWorker.run(TestMethodWorker.java:109)
at org.testng.TestRunner.privateRun(TestRunner.java:648)
at org.testng.TestRunner.run(TestRunner.java:505)
at org.testng.SuiteRunner.runTest(SuiteRunner.java:455)
at org.testng.SuiteRunner.runSequentially(SuiteRunner.java:450)
at org.testng.SuiteRunner.privateRun(SuiteRunner.java:415)
at org.testng.SuiteRunner.run(SuiteRunner.java:364)
at org.testng.SuiteRunnerWorker.runSuite(SuiteRunnerWorker.java:52)
at org.testng.SuiteRunnerWorker.run(SuiteRunnerWorker.java:84)
at org.testng.TestNG.runSuitesSequentially(TestNG.java:1208)
at org.testng.TestNG.runSuitesLocally(TestNG.java:1137)
at org.testng.TestNG.runSuites(TestNG.java:1049)
at org.testng.TestNG.run(TestNG.java:1017)
at org.testng.remote.AbstractRemoteTestNG.run(AbstractRemoteTestNG.java:114)
at org.testng.remote.RemoteTestNG.initAndRun(RemoteTestNG.java:251)
at org.testng.remote.RemoteTestNG.main(RemoteTestNG.java:77)
]]>
            </full-stacktrace>
          </exception> <!-- java.lang.AssertionError -->
          <reporter-output>
          </reporter-output>
        </test-method> <!-- verifyDashboardTitleTest -->
        <test-method status="PASS" signature="tearDown()[pri:0, instance:com.shopcart.qa.testpages.DashboardTest@5622fdf]" name="tearDown" is-config="true" duration-ms="800" started-at="2019-05-03T14:11:15Z" finished-at="2019-05-03T14:11:16Z">
          <reporter-output>
          </reporter-output>
        </test-method> <!-- tearDown -->
        <test-method status="PASS" signature="setEnv()[pri:0, instance:com.shopcart.qa.testpages.DashboardTest@5622fdf]" name="setEnv" is-config="true" duration-ms="7250" started-at="2019-05-03T14:11:16Z" finished-at="2019-05-03T14:11:23Z">
          <reporter-output>
          </reporter-output>
        </test-method> <!-- setEnv -->
        <test-method status="PASS" signature="verifyDashboardLogoTest()[pri:2, instance:com.shopcart.qa.testpages.DashboardTest@5622fdf]" name="verifyDashboardLogoTest" duration-ms="5976" started-at="2019-05-03T14:11:23Z" finished-at="2019-05-03T14:11:29Z">
          <reporter-output>
          </reporter-output>
        </test-method> <!-- verifyDashboardLogoTest -->
        <test-method status="PASS" signature="tearDown()[pri:0, instance:com.shopcart.qa.testpages.DashboardTest@5622fdf]" name="tearDown" is-config="true" duration-ms="799" started-at="2019-05-03T14:11:29Z" finished-at="2019-05-03T14:11:30Z">
          <reporter-output>
          </reporter-output>
        </test-method> <!-- tearDown -->
        <test-method status="PASS" signature="setEnv()[pri:0, instance:com.shopcart.qa.testpages.DashboardTest@5622fdf]" name="setEnv" is-config="true" duration-ms="6384" started-at="2019-05-03T14:11:30Z" finished-at="2019-05-03T14:11:37Z">
          <reporter-output>
          </reporter-output>
        </test-method> <!-- setEnv -->
        <test-method status="PASS" signature="verifyShopCarttTagTest()[pri:3, instance:com.shopcart.qa.testpages.DashboardTest@5622fdf]" name="verifyShopCarttTagTest" duration-ms="3966" started-at="2019-05-03T14:11:37Z" finished-at="2019-05-03T14:11:41Z">
          <reporter-output>
          </reporter-output>
        </test-method> <!-- verifyShopCarttTagTest -->
        <test-method status="PASS" signature="tearDown()[pri:0, instance:com.shopcart.qa.testpages.DashboardTest@5622fdf]" name="tearDown" is-config="true" duration-ms="1149" started-at="2019-05-03T14:11:41Z" finished-at="2019-05-03T14:11:42Z">
          <reporter-output>
          </reporter-output>
        </test-method> <!-- tearDown -->
        <test-method status="PASS" signature="setEnv()[pri:0, instance:com.shopcart.qa.testpages.DashboardTest@5622fdf]" name="setEnv" is-config="true" duration-ms="6076" started-at="2019-05-03T14:11:42Z" finished-at="2019-05-03T14:11:48Z">
          <reporter-output>
          </reporter-output>
        </test-method> <!-- setEnv -->
        <test-method status="PASS" signature="verifyCartBasketLogoTest()[pri:4, instance:com.shopcart.qa.testpages.DashboardTest@5622fdf]" name="verifyCartBasketLogoTest" duration-ms="4303" started-at="2019-05-03T14:11:48Z" finished-at="2019-05-03T14:11:52Z">
          <reporter-output>
          </reporter-output>
        </test-method> <!-- verifyCartBasketLogoTest -->
        <test-method status="PASS" signature="tearDown()[pri:0, instance:com.shopcart.qa.testpages.DashboardTest@5622fdf]" name="tearDown" is-config="true" duration-ms="752" started-at="2019-05-03T14:11:52Z" finished-at="2019-05-03T14:11:53Z">
          <reporter-output>
          </reporter-output>
        </test-method> <!-- tearDown -->
        <test-method status="PASS" signature="setEnv()[pri:0, instance:com.shopcart.qa.testpages.DashboardTest@5622fdf]" name="setEnv" is-config="true" duration-ms="6908" started-at="2019-05-03T14:11:53Z" finished-at="2019-05-03T14:12:00Z">
          <reporter-output>
          </reporter-output>
        </test-method> <!-- setEnv -->
        <test-method status="PASS" signature="verifyUserIconTest()[pri:5, instance:com.shopcart.qa.testpages.DashboardTest@5622fdf]" name="verifyUserIconTest" duration-ms="4253" started-at="2019-05-03T14:12:00Z" finished-at="2019-05-03T14:12:04Z">
          <reporter-output>
          </reporter-output>
        </test-method> <!-- verifyUserIconTest -->
        <test-method status="PASS" signature="tearDown()[pri:0, instance:com.shopcart.qa.testpages.DashboardTest@5622fdf]" name="tearDown" is-config="true" duration-ms="927" started-at="2019-05-03T14:12:04Z" finished-at="2019-05-03T14:12:05Z">
          <reporter-output>
          </reporter-output>
        </test-method> <!-- tearDown -->
        <test-method status="PASS" signature="setEnv()[pri:0, instance:com.shopcart.qa.testpages.DashboardTest@5622fdf]" name="setEnv" is-config="true" duration-ms="7819" started-at="2019-05-03T14:12:05Z" finished-at="2019-05-03T14:12:13Z">
          <reporter-output>
          </reporter-output>
        </test-method> <!-- setEnv -->
        <test-method status="PASS" signature="verifyEnvelopeIconTest()[pri:6, instance:com.shopcart.qa.testpages.DashboardTest@5622fdf]" name="verifyEnvelopeIconTest" duration-ms="6222" started-at="2019-05-03T14:12:13Z" finished-at="2019-05-03T14:12:19Z">
          <reporter-output>
          </reporter-output>
        </test-method> <!-- verifyEnvelopeIconTest -->
        <test-method status="PASS" signature="tearDown()[pri:0, instance:com.shopcart.qa.testpages.DashboardTest@5622fdf]" name="tearDown" is-config="true" duration-ms="885" started-at="2019-05-03T14:12:19Z" finished-at="2019-05-03T14:12:20Z">
          <reporter-output>
          </reporter-output>
        </test-method> <!-- tearDown -->
        <test-method status="PASS" signature="setEnv()[pri:0, instance:com.shopcart.qa.testpages.DashboardTest@5622fdf]" name="setEnv" is-config="true" duration-ms="6646" started-at="2019-05-03T14:12:20Z" finished-at="2019-05-03T14:12:26Z">
          <reporter-output>
          </reporter-output>
        </test-method> <!-- setEnv -->
        <test-method status="PASS" signature="verifyCupLogoTest()[pri:7, instance:com.shopcart.qa.testpages.DashboardTest@5622fdf]" name="verifyCupLogoTest" duration-ms="3938" started-at="2019-05-03T14:12:26Z" finished-at="2019-05-03T14:12:30Z">
          <reporter-output>
          </reporter-output>
        </test-method> <!-- verifyCupLogoTest -->
        <test-method status="PASS" signature="tearDown()[pri:0, instance:com.shopcart.qa.testpages.DashboardTest@5622fdf]" name="tearDown" is-config="true" duration-ms="883" started-at="2019-05-03T14:12:30Z" finished-at="2019-05-03T14:12:31Z">
          <reporter-output>
          </reporter-output>
        </test-method> <!-- tearDown -->
        <test-method status="PASS" signature="setEnv()[pri:0, instance:com.shopcart.qa.testpages.DashboardTest@5622fdf]" name="setEnv" is-config="true" duration-ms="5031" started-at="2019-05-03T14:12:31Z" finished-at="2019-05-03T14:12:36Z">
          <reporter-output>
          </reporter-output>
        </test-method> <!-- setEnv -->
        <test-method status="PASS" signature="verifyQuickAccessLinkTest()[pri:8, instance:com.shopcart.qa.testpages.DashboardTest@5622fdf]" name="verifyQuickAccessLinkTest" duration-ms="4717" started-at="2019-05-03T14:12:36Z" finished-at="2019-05-03T14:12:41Z">
          <reporter-output>
          </reporter-output>
        </test-method> <!-- verifyQuickAccessLinkTest -->
        <test-method status="PASS" signature="tearDown()[pri:0, instance:com.shopcart.qa.testpages.DashboardTest@5622fdf]" name="tearDown" is-config="true" duration-ms="763" started-at="2019-05-03T14:12:41Z" finished-at="2019-05-03T14:12:42Z">
          <reporter-output>
          </reporter-output>
        </test-method> <!-- tearDown -->
        <test-method status="PASS" signature="setEnv()[pri:0, instance:com.shopcart.qa.testpages.DashboardTest@5622fdf]" name="setEnv" is-config="true" duration-ms="5051" started-at="2019-05-03T14:12:42Z" finished-at="2019-05-03T14:12:47Z">
          <reporter-output>
          </reporter-output>
        </test-method> <!-- setEnv -->
        <test-method status="PASS" signature="ClickOnCartBasketLogoTest()[pri:9, instance:com.shopcart.qa.testpages.DashboardTest@5622fdf]" name="ClickOnCartBasketLogoTest" duration-ms="3992" started-at="2019-05-03T14:12:47Z" finished-at="2019-05-03T14:12:51Z">
          <reporter-output>
          </reporter-output>
        </test-method> <!-- ClickOnCartBasketLogoTest -->
        <test-method status="PASS" signature="tearDown()[pri:0, instance:com.shopcart.qa.testpages.DashboardTest@5622fdf]" name="tearDown" is-config="true" duration-ms="745" started-at="2019-05-03T14:12:51Z" finished-at="2019-05-03T14:12:52Z">
          <reporter-output>
          </reporter-output>
        </test-method> <!-- tearDown -->
        <test-method status="PASS" signature="setEnv()[pri:0, instance:com.shopcart.qa.testpages.DashboardTest@5622fdf]" name="setEnv" is-config="true" duration-ms="5004" started-at="2019-05-03T14:12:52Z" finished-at="2019-05-03T14:12:57Z">
          <reporter-output>
          </reporter-output>
        </test-method> <!-- setEnv -->
        <test-method status="PASS" signature="ClickOnUserIconTest()[pri:10, instance:com.shopcart.qa.testpages.DashboardTest@5622fdf]" name="ClickOnUserIconTest" duration-ms="5028" started-at="2019-05-03T14:12:57Z" finished-at="2019-05-03T14:13:02Z">
          <reporter-output>
          </reporter-output>
        </test-method> <!-- ClickOnUserIconTest -->
        <test-method status="PASS" signature="tearDown()[pri:0, instance:com.shopcart.qa.testpages.DashboardTest@5622fdf]" name="tearDown" is-config="true" duration-ms="975" started-at="2019-05-03T14:13:02Z" finished-at="2019-05-03T14:13:03Z">
          <reporter-output>
          </reporter-output>
        </test-method> <!-- tearDown -->
        <test-method status="PASS" signature="setEnv()[pri:0, instance:com.shopcart.qa.testpages.DashboardTest@5622fdf]" name="setEnv" is-config="true" duration-ms="5369" started-at="2019-05-03T14:13:03Z" finished-at="2019-05-03T14:13:08Z">
          <reporter-output>
          </reporter-output>
        </test-method> <!-- setEnv -->
        <test-method status="PASS" signature="ClickOnEnvelopeIconTest()[pri:11, instance:com.shopcart.qa.testpages.DashboardTest@5622fdf]" name="ClickOnEnvelopeIconTest" duration-ms="3588" started-at="2019-05-03T14:13:08Z" finished-at="2019-05-03T14:13:12Z">
          <reporter-output>
          </reporter-output>
        </test-method> <!-- ClickOnEnvelopeIconTest -->
        <test-method status="PASS" signature="tearDown()[pri:0, instance:com.shopcart.qa.testpages.DashboardTest@5622fdf]" name="tearDown" is-config="true" duration-ms="891" started-at="2019-05-03T14:13:12Z" finished-at="2019-05-03T14:13:12Z">
          <reporter-output>
          </reporter-output>
        </test-method> <!-- tearDown -->
        <test-method status="PASS" signature="setEnv()[pri:0, instance:com.shopcart.qa.testpages.DashboardTest@5622fdf]" name="setEnv" is-config="true" duration-ms="5091" started-at="2019-05-03T14:13:12Z" finished-at="2019-05-03T14:13:18Z">
          <reporter-output>
          </reporter-output>
        </test-method> <!-- setEnv -->
        <test-method status="PASS" signature="ClickOnCupLogoTest()[pri:12, instance:com.shopcart.qa.testpages.DashboardTest@5622fdf]" name="ClickOnCupLogoTest" duration-ms="3535" started-at="2019-05-03T14:13:18Z" finished-at="2019-05-03T14:13:21Z">
          <reporter-output>
          </reporter-output>
        </test-method> <!-- ClickOnCupLogoTest -->
        <test-method status="PASS" signature="tearDown()[pri:0, instance:com.shopcart.qa.testpages.DashboardTest@5622fdf]" name="tearDown" is-config="true" duration-ms="752" started-at="2019-05-03T14:13:21Z" finished-at="2019-05-03T14:13:22Z">
          <reporter-output>
          </reporter-output>
        </test-method> <!-- tearDown -->
        <test-method status="PASS" signature="setEnv()[pri:0, instance:com.shopcart.qa.testpages.DashboardTest@5622fdf]" name="setEnv" is-config="true" duration-ms="6037" started-at="2019-05-03T14:13:22Z" finished-at="2019-05-03T14:13:28Z">
          <reporter-output>
          </reporter-output>
        </test-method> <!-- setEnv -->
        <test-method status="PASS" signature="ClickOnQuickAccessLinkTest()[pri:13, instance:com.shopcart.qa.testpages.DashboardTest@5622fdf]" name="ClickOnQuickAccessLinkTest" duration-ms="3348" started-at="2019-05-03T14:13:28Z" finished-at="2019-05-03T14:13:31Z">
          <reporter-output>
          </reporter-output>
        </test-method> <!-- ClickOnQuickAccessLinkTest -->
        <test-method status="PASS" signature="tearDown()[pri:0, instance:com.shopcart.qa.testpages.DashboardTest@5622fdf]" name="tearDown" is-config="true" duration-ms="753" started-at="2019-05-03T14:13:31Z" finished-at="2019-05-03T14:13:32Z">
          <reporter-output>
          </reporter-output>
        </test-method> <!-- tearDown -->
        <test-method status="PASS" signature="setEnv()[pri:0, instance:com.shopcart.qa.testpages.DashboardTest@5622fdf]" name="setEnv" is-config="true" duration-ms="4773" started-at="2019-05-03T14:13:32Z" finished-at="2019-05-03T14:13:37Z">
          <reporter-output>
          </reporter-output>
        </test-method> <!-- setEnv -->
        <test-method status="PASS" signature="verifyConnectToPrestashopLinkTest()[pri:14, instance:com.shopcart.qa.testpages.DashboardTest@5622fdf]" name="verifyConnectToPrestashopLinkTest" duration-ms="3601" started-at="2019-05-03T14:13:37Z" finished-at="2019-05-03T14:13:40Z">
          <reporter-output>
          </reporter-output>
        </test-method> <!-- verifyConnectToPrestashopLinkTest -->
        <test-method status="PASS" signature="tearDown()[pri:0, instance:com.shopcart.qa.testpages.DashboardTest@5622fdf]" name="tearDown" is-config="true" duration-ms="732" started-at="2019-05-03T14:13:40Z" finished-at="2019-05-03T14:13:41Z">
          <reporter-output>
          </reporter-output>
        </test-method> <!-- tearDown -->
        <test-method status="PASS" signature="setEnv()[pri:0, instance:com.shopcart.qa.testpages.DashboardTest@5622fdf]" name="setEnv" is-config="true" duration-ms="5640" started-at="2019-05-03T14:13:41Z" finished-at="2019-05-03T14:13:47Z">
          <reporter-output>
          </reporter-output>
        </test-method> <!-- setEnv -->
        <test-method status="PASS" signature="verifyMyShopLinkTest()[pri:15, instance:com.shopcart.qa.testpages.DashboardTest@5622fdf]" name="verifyMyShopLinkTest" duration-ms="3613" started-at="2019-05-03T14:13:47Z" finished-at="2019-05-03T14:13:50Z">
          <reporter-output>
          </reporter-output>
        </test-method> <!-- verifyMyShopLinkTest -->
        <test-method status="PASS" signature="tearDown()[pri:0, instance:com.shopcart.qa.testpages.DashboardTest@5622fdf]" name="tearDown" is-config="true" duration-ms="809" started-at="2019-05-03T14:13:50Z" finished-at="2019-05-03T14:13:51Z">
          <reporter-output>
          </reporter-output>
        </test-method> <!-- tearDown -->
        <test-method status="PASS" signature="setEnv()[pri:0, instance:com.shopcart.qa.testpages.DashboardTest@5622fdf]" name="setEnv" is-config="true" duration-ms="5744" started-at="2019-05-03T14:13:51Z" finished-at="2019-05-03T14:13:57Z">
          <reporter-output>
          </reporter-output>
        </test-method> <!-- setEnv -->
        <test-method status="PASS" signature="verifySystemAdminLinkTest()[pri:16, instance:com.shopcart.qa.testpages.DashboardTest@5622fdf]" name="verifySystemAdminLinkTest" duration-ms="4198" started-at="2019-05-03T14:13:57Z" finished-at="2019-05-03T14:14:01Z">
          <reporter-output>
          </reporter-output>
        </test-method> <!-- verifySystemAdminLinkTest -->
        <test-method status="PASS" signature="tearDown()[pri:0, instance:com.shopcart.qa.testpages.DashboardTest@5622fdf]" name="tearDown" is-config="true" duration-ms="770" started-at="2019-05-03T14:14:01Z" finished-at="2019-05-03T14:14:02Z">
          <reporter-output>
          </reporter-output>
        </test-method> <!-- tearDown -->
        <test-method status="PASS" signature="setEnv()[pri:0, instance:com.shopcart.qa.testpages.DashboardTest@5622fdf]" name="setEnv" is-config="true" duration-ms="5911" started-at="2019-05-03T14:14:02Z" finished-at="2019-05-03T14:14:08Z">
          <reporter-output>
          </reporter-output>
        </test-method> <!-- setEnv -->
        <test-method status="PASS" signature="verifyDropDownLinkTest()[pri:17, instance:com.shopcart.qa.testpages.DashboardTest@5622fdf]" name="verifyDropDownLinkTest" duration-ms="3430" started-at="2019-05-03T14:14:08Z" finished-at="2019-05-03T14:14:11Z">
          <reporter-output>
          </reporter-output>
        </test-method> <!-- verifyDropDownLinkTest -->
        <test-method status="PASS" signature="tearDown()[pri:0, instance:com.shopcart.qa.testpages.DashboardTest@5622fdf]" name="tearDown" is-config="true" duration-ms="744" started-at="2019-05-03T14:14:11Z" finished-at="2019-05-03T14:14:12Z">
          <reporter-output>
          </reporter-output>
        </test-method> <!-- tearDown -->
        <test-method status="PASS" signature="setEnv()[pri:0, instance:com.shopcart.qa.testpages.DashboardTest@5622fdf]" name="setEnv" is-config="true" duration-ms="4879" started-at="2019-05-03T14:14:12Z" finished-at="2019-05-03T14:14:17Z">
          <reporter-output>
          </reporter-output>
        </test-method> <!-- setEnv -->
        <test-method status="PASS" signature="verifyAvatarSymbolTest()[pri:18, instance:com.shopcart.qa.testpages.DashboardTest@5622fdf]" name="verifyAvatarSymbolTest" duration-ms="3318" started-at="2019-05-03T14:14:17Z" finished-at="2019-05-03T14:14:20Z">
          <reporter-output>
          </reporter-output>
        </test-method> <!-- verifyAvatarSymbolTest -->
        <test-method status="PASS" signature="tearDown()[pri:0, instance:com.shopcart.qa.testpages.DashboardTest@5622fdf]" name="tearDown" is-config="true" duration-ms="775" started-at="2019-05-03T14:14:20Z" finished-at="2019-05-03T14:14:21Z">
          <reporter-output>
          </reporter-output>
        </test-method> <!-- tearDown -->
        <test-method status="PASS" signature="setEnv()[pri:0, instance:com.shopcart.qa.testpages.DashboardTest@5622fdf]" name="setEnv" is-config="true" duration-ms="4769" started-at="2019-05-03T14:14:21Z" finished-at="2019-05-03T14:14:26Z">
          <reporter-output>
          </reporter-output>
        </test-method> <!-- setEnv -->
        <test-method status="PASS" signature="verifySearchLinkIconTest()[pri:19, instance:com.shopcart.qa.testpages.DashboardTest@5622fdf]" name="verifySearchLinkIconTest" duration-ms="3782" started-at="2019-05-03T14:14:26Z" finished-at="2019-05-03T14:14:29Z">
          <reporter-output>
          </reporter-output>
        </test-method> <!-- verifySearchLinkIconTest -->
        <test-method status="PASS" signature="tearDown()[pri:0, instance:com.shopcart.qa.testpages.DashboardTest@5622fdf]" name="tearDown" is-config="true" duration-ms="745" started-at="2019-05-03T14:14:29Z" finished-at="2019-05-03T14:14:30Z">
          <reporter-output>
          </reporter-output>
        </test-method> <!-- tearDown -->
        <test-method status="PASS" signature="setEnv()[pri:0, instance:com.shopcart.qa.testpages.DashboardTest@5622fdf]" name="setEnv" is-config="true" duration-ms="4816" started-at="2019-05-03T14:14:30Z" finished-at="2019-05-03T14:14:35Z">
          <reporter-output>
          </reporter-output>
        </test-method> <!-- setEnv -->
        <test-method status="PASS" signature="verifySearchDropDownTest()[pri:20, instance:com.shopcart.qa.testpages.DashboardTest@5622fdf]" name="verifySearchDropDownTest" duration-ms="3471" started-at="2019-05-03T14:14:35Z" finished-at="2019-05-03T14:14:39Z">
          <reporter-output>
          </reporter-output>
        </test-method> <!-- verifySearchDropDownTest -->
        <test-method status="PASS" signature="tearDown()[pri:0, instance:com.shopcart.qa.testpages.DashboardTest@5622fdf]" name="tearDown" is-config="true" duration-ms="774" started-at="2019-05-03T14:14:39Z" finished-at="2019-05-03T14:14:39Z">
          <reporter-output>
          </reporter-output>
        </test-method> <!-- tearDown -->
        <test-method status="PASS" signature="setEnv()[pri:0, instance:com.shopcart.qa.testpages.DashboardTest@5622fdf]" name="setEnv" is-config="true" duration-ms="4969" started-at="2019-05-03T14:14:39Z" finished-at="2019-05-03T14:14:44Z">
          <reporter-output>
          </reporter-output>
        </test-method> <!-- setEnv -->
        <test-method status="PASS" signature="verifySearchBoxTest()[pri:21, instance:com.shopcart.qa.testpages.DashboardTest@5622fdf]" name="verifySearchBoxTest" duration-ms="3369" started-at="2019-05-03T14:14:44Z" finished-at="2019-05-03T14:14:48Z">
          <reporter-output>
          </reporter-output>
        </test-method> <!-- verifySearchBoxTest -->
        <test-method status="PASS" signature="tearDown()[pri:0, instance:com.shopcart.qa.testpages.DashboardTest@5622fdf]" name="tearDown" is-config="true" duration-ms="745" started-at="2019-05-03T14:14:48Z" finished-at="2019-05-03T14:14:48Z">
          <reporter-output>
          </reporter-output>
        </test-method> <!-- tearDown -->
        <test-method status="PASS" signature="setEnv()[pri:0, instance:com.shopcart.qa.testpages.DashboardTest@5622fdf]" name="setEnv" is-config="true" duration-ms="5082" started-at="2019-05-03T14:14:48Z" finished-at="2019-05-03T14:14:53Z">
          <reporter-output>
          </reporter-output>
        </test-method> <!-- setEnv -->
        <test-method status="PASS" signature="verifySearchBoxPlaceholderTest()[pri:22, instance:com.shopcart.qa.testpages.DashboardTest@5622fdf]" name="verifySearchBoxPlaceholderTest" duration-ms="3294" started-at="2019-05-03T14:14:53Z" finished-at="2019-05-03T14:14:57Z">
          <reporter-output>
          </reporter-output>
        </test-method> <!-- verifySearchBoxPlaceholderTest -->
        <test-method status="PASS" signature="tearDown()[pri:0, instance:com.shopcart.qa.testpages.DashboardTest@5622fdf]" name="tearDown" is-config="true" duration-ms="750" started-at="2019-05-03T14:14:57Z" finished-at="2019-05-03T14:14:58Z">
          <reporter-output>
          </reporter-output>
        </test-method> <!-- tearDown -->
        <test-method status="PASS" signature="setEnv()[pri:0, instance:com.shopcart.qa.testpages.DashboardTest@5622fdf]" name="setEnv" is-config="true" duration-ms="5472" started-at="2019-05-03T14:14:58Z" finished-at="2019-05-03T14:15:03Z">
          <reporter-output>
          </reporter-output>
        </test-method> <!-- setEnv -->
        <test-method status="FAIL" signature="verifyDemoModeToggleBtnTest()[pri:23, instance:com.shopcart.qa.testpages.DashboardTest@5622fdf]" name="verifyDemoModeToggleBtnTest" duration-ms="5634" started-at="2019-05-03T14:15:03Z" finished-at="2019-05-03T14:15:09Z">
          <exception class="java.lang.AssertionError">
            <message>
              <![CDATA[expected [Demo Mode] but found [Demo mode]]]>
            </message>
            <full-stacktrace>
              <![CDATA[java.lang.AssertionError: expected [Demo Mode] but found [Demo mode]
at org.testng.Assert.fail(Assert.java:96)
at org.testng.Assert.failNotEquals(Assert.java:776)
at org.testng.Assert.assertEqualsImpl(Assert.java:137)
at org.testng.Assert.assertEquals(Assert.java:118)
at org.testng.Assert.assertEquals(Assert.java:453)
at org.testng.Assert.assertEquals(Assert.java:463)
at com.shopcart.qa.testpages.DashboardTest.verifyDemoModeToggleBtnTest(DashboardTest.java:259)
at sun.reflect.NativeMethodAccessorImpl.invoke0(Native Method)
at sun.reflect.NativeMethodAccessorImpl.invoke(NativeMethodAccessorImpl.java:62)
at sun.reflect.DelegatingMethodAccessorImpl.invoke(DelegatingMethodAccessorImpl.java:43)
at java.lang.reflect.Method.invoke(Method.java:498)
at org.testng.internal.MethodInvocationHelper.invokeMethod(MethodInvocationHelper.java:124)
at org.testng.internal.Invoker.invokeMethod(Invoker.java:583)
at org.testng.internal.Invoker.invokeTestMethod(Invoker.java:719)
at org.testng.internal.Invoker.invokeTestMethods(Invoker.java:989)
at org.testng.internal.TestMethodWorker.invokeTestMethods(TestMethodWorker.java:125)
at org.testng.internal.TestMethodWorker.run(TestMethodWorker.java:109)
at org.testng.TestRunner.privateRun(TestRunner.java:648)
at org.testng.TestRunner.run(TestRunner.java:505)
at org.testng.SuiteRunner.runTest(SuiteRunner.java:455)
at org.testng.SuiteRunner.runSequentially(SuiteRunner.java:450)
at org.testng.SuiteRunner.privateRun(SuiteRunner.java:415)
at org.testng.SuiteRunner.run(SuiteRunner.java:364)
at org.testng.SuiteRunnerWorker.runSuite(SuiteRunnerWorker.java:52)
at org.testng.SuiteRunnerWorker.run(SuiteRunnerWorker.java:84)
at org.testng.TestNG.runSuitesSequentially(TestNG.java:1208)
at org.testng.TestNG.runSuitesLocally(TestNG.java:1137)
at org.testng.TestNG.runSuites(TestNG.java:1049)
at org.testng.TestNG.run(TestNG.java:1017)
at org.testng.remote.AbstractRemoteTestNG.run(AbstractRemoteTestNG.java:114)
at org.testng.remote.RemoteTestNG.initAndRun(RemoteTestNG.java:251)
at org.testng.remote.RemoteTestNG.main(RemoteTestNG.java:77)
]]>
            </full-stacktrace>
          </exception> <!-- java.lang.AssertionError -->
          <reporter-output>
          </reporter-output>
        </test-method> <!-- verifyDemoModeToggleBtnTest -->
        <test-method status="PASS" signature="tearDown()[pri:0, instance:com.shopcart.qa.testpages.DashboardTest@5622fdf]" name="tearDown" is-config="true" duration-ms="771" started-at="2019-05-03T14:15:09Z" finished-at="2019-05-03T14:15:09Z">
          <reporter-output>
          </reporter-output>
        </test-method> <!-- tearDown -->
        <test-method status="PASS" signature="setEnv()[pri:0, instance:com.shopcart.qa.testpages.DashboardTest@5622fdf]" name="setEnv" is-config="true" duration-ms="4695" started-at="2019-05-03T14:15:09Z" finished-at="2019-05-03T14:15:14Z">
          <reporter-output>
          </reporter-output>
        </test-method> <!-- setEnv -->
        <test-method status="PASS" signature="verifyHelpTextTest()[pri:24, instance:com.shopcart.qa.testpages.DashboardTest@5622fdf]" name="verifyHelpTextTest" duration-ms="4068" started-at="2019-05-03T14:15:14Z" finished-at="2019-05-03T14:15:18Z">
          <reporter-output>
          </reporter-output>
        </test-method> <!-- verifyHelpTextTest -->
        <test-method status="PASS" signature="tearDown()[pri:0, instance:com.shopcart.qa.testpages.DashboardTest@5622fdf]" name="tearDown" is-config="true" duration-ms="763" started-at="2019-05-03T14:15:18Z" finished-at="2019-05-03T14:15:19Z">
          <reporter-output>
          </reporter-output>
        </test-method> <!-- tearDown -->
        <test-method status="PASS" signature="setEnv()[pri:0, instance:com.shopcart.qa.testpages.DashboardTest@5622fdf]" name="setEnv" is-config="true" duration-ms="4921" started-at="2019-05-03T14:15:19Z" finished-at="2019-05-03T14:15:24Z">
          <reporter-output>
          </reporter-output>
        </test-method> <!-- setEnv -->
        <test-method status="PASS" signature="verifyToggleBtnTest()[pri:25, instance:com.shopcart.qa.testpages.DashboardTest@5622fdf]" name="verifyToggleBtnTest" duration-ms="3594" started-at="2019-05-03T14:15:24Z" finished-at="2019-05-03T14:15:27Z">
          <reporter-output>
          </reporter-output>
        </test-method> <!-- verifyToggleBtnTest -->
        <test-method status="PASS" signature="tearDown()[pri:0, instance:com.shopcart.qa.testpages.DashboardTest@5622fdf]" name="tearDown" is-config="true" duration-ms="785" started-at="2019-05-03T14:15:27Z" finished-at="2019-05-03T14:15:28Z">
          <reporter-output>
          </reporter-output>
        </test-method> <!-- tearDown -->
        <test-method status="PASS" signature="setEnv()[pri:0, instance:com.shopcart.qa.testpages.DashboardTest@5622fdf]" name="setEnv" is-config="true" duration-ms="5096" started-at="2019-05-03T14:15:28Z" finished-at="2019-05-03T14:15:33Z">
          <reporter-output>
          </reporter-output>
        </test-method> <!-- setEnv -->
        <test-method status="PASS" signature="verifyHelpIconTest()[pri:26, instance:com.shopcart.qa.testpages.DashboardTest@5622fdf]" name="verifyHelpIconTest" duration-ms="4242" started-at="2019-05-03T14:15:33Z" finished-at="2019-05-03T14:15:38Z">
          <reporter-output>
          </reporter-output>
        </test-method> <!-- verifyHelpIconTest -->
        <test-method status="PASS" signature="tearDown()[pri:0, instance:com.shopcart.qa.testpages.DashboardTest@5622fdf]" name="tearDown" is-config="true" duration-ms="775" started-at="2019-05-03T14:15:38Z" finished-at="2019-05-03T14:15:38Z">
          <reporter-output>
          </reporter-output>
        </test-method> <!-- tearDown -->
        <test-method status="PASS" signature="setEnv()[pri:0, instance:com.shopcart.qa.testpages.DashboardTest@5622fdf]" name="setEnv" is-config="true" duration-ms="4968" started-at="2019-05-03T14:15:38Z" finished-at="2019-05-03T14:15:43Z">
          <reporter-output>
          </reporter-output>
        </test-method> <!-- setEnv -->
        <test-method status="PASS" signature="verifyCatalogIconTest()[pri:27, instance:com.shopcart.qa.testpages.DashboardTest@5622fdf]" name="verifyCatalogIconTest" duration-ms="4039" started-at="2019-05-03T14:15:43Z" finished-at="2019-05-03T14:15:47Z">
          <reporter-output>
          </reporter-output>
        </test-method> <!-- verifyCatalogIconTest -->
        <test-method status="PASS" signature="tearDown()[pri:0, instance:com.shopcart.qa.testpages.DashboardTest@5622fdf]" name="tearDown" is-config="true" duration-ms="772" started-at="2019-05-03T14:15:47Z" finished-at="2019-05-03T14:15:48Z">
          <reporter-output>
          </reporter-output>
        </test-method> <!-- tearDown -->
        <test-method status="PASS" signature="setEnv()[pri:0, instance:com.shopcart.qa.testpages.DashboardTest@5622fdf]" name="setEnv" is-config="true" duration-ms="4843" started-at="2019-05-03T14:15:48Z" finished-at="2019-05-03T14:15:53Z">
          <reporter-output>
          </reporter-output>
        </test-method> <!-- setEnv -->
        <test-method status="PASS" signature="ClickOnCatalogLinkTest()[pri:28, instance:com.shopcart.qa.testpages.DashboardTest@5622fdf]" name="ClickOnCatalogLinkTest" duration-ms="4766" started-at="2019-05-03T14:15:53Z" finished-at="2019-05-03T14:15:58Z">
          <reporter-output>
          </reporter-output>
        </test-method> <!-- ClickOnCatalogLinkTest -->
        <test-method status="PASS" signature="tearDown()[pri:0, instance:com.shopcart.qa.testpages.DashboardTest@5622fdf]" name="tearDown" is-config="true" duration-ms="765" started-at="2019-05-03T14:15:58Z" finished-at="2019-05-03T14:15:58Z">
          <reporter-output>
          </reporter-output>
        </test-method> <!-- tearDown -->
        <test-method status="PASS" signature="setEnv()[pri:0, instance:com.shopcart.qa.testpages.DashboardTest@5622fdf]" name="setEnv" is-config="true" duration-ms="4994" started-at="2019-05-03T14:15:58Z" finished-at="2019-05-03T14:16:03Z">
          <reporter-output>
          </reporter-output>
        </test-method> <!-- setEnv -->
        <test-method status="PASS" signature="verifyOrdersIconTest()[pri:29, instance:com.shopcart.qa.testpages.DashboardTest@5622fdf]" name="verifyOrdersIconTest" duration-ms="3562" started-at="2019-05-03T14:16:03Z" finished-at="2019-05-03T14:16:07Z">
          <reporter-output>
          </reporter-output>
        </test-method> <!-- verifyOrdersIconTest -->
        <test-method status="PASS" signature="tearDown()[pri:0, instance:com.shopcart.qa.testpages.DashboardTest@5622fdf]" name="tearDown" is-config="true" duration-ms="821" started-at="2019-05-03T14:16:07Z" finished-at="2019-05-03T14:16:08Z">
          <reporter-output>
          </reporter-output>
        </test-method> <!-- tearDown -->
        <test-method status="PASS" signature="setEnv()[pri:0, instance:com.shopcart.qa.testpages.DashboardTest@5622fdf]" name="setEnv" is-config="true" duration-ms="4848" started-at="2019-05-03T14:16:08Z" finished-at="2019-05-03T14:16:13Z">
          <reporter-output>
          </reporter-output>
        </test-method> <!-- setEnv -->
        <test-method status="PASS" signature="ClickOnOrdersLinkTest()[pri:30, instance:com.shopcart.qa.testpages.DashboardTest@5622fdf]" name="ClickOnOrdersLinkTest" duration-ms="3884" started-at="2019-05-03T14:16:13Z" finished-at="2019-05-03T14:16:17Z">
          <reporter-output>
          </reporter-output>
        </test-method> <!-- ClickOnOrdersLinkTest -->
        <test-method status="PASS" signature="tearDown()[pri:0, instance:com.shopcart.qa.testpages.DashboardTest@5622fdf]" name="tearDown" is-config="true" duration-ms="739" started-at="2019-05-03T14:16:17Z" finished-at="2019-05-03T14:16:17Z">
          <reporter-output>
          </reporter-output>
        </test-method> <!-- tearDown -->
        <test-method status="PASS" signature="setEnv()[pri:0, instance:com.shopcart.qa.testpages.DashboardTest@5622fdf]" name="setEnv" is-config="true" duration-ms="4950" started-at="2019-05-03T14:16:17Z" finished-at="2019-05-03T14:16:22Z">
          <reporter-output>
          </reporter-output>
        </test-method> <!-- setEnv -->
        <test-method status="PASS" signature="verifyCustomersIconTest()[pri:31, instance:com.shopcart.qa.testpages.DashboardTest@5622fdf]" name="verifyCustomersIconTest" duration-ms="3429" started-at="2019-05-03T14:16:22Z" finished-at="2019-05-03T14:16:26Z">
          <reporter-output>
          </reporter-output>
        </test-method> <!-- verifyCustomersIconTest -->
        <test-method status="PASS" signature="tearDown()[pri:0, instance:com.shopcart.qa.testpages.DashboardTest@5622fdf]" name="tearDown" is-config="true" duration-ms="749" started-at="2019-05-03T14:16:26Z" finished-at="2019-05-03T14:16:26Z">
          <reporter-output>
          </reporter-output>
        </test-method> <!-- tearDown -->
        <test-method status="PASS" signature="setEnv()[pri:0, instance:com.shopcart.qa.testpages.DashboardTest@5622fdf]" name="setEnv" is-config="true" duration-ms="5307" started-at="2019-05-03T14:16:26Z" finished-at="2019-05-03T14:16:32Z">
          <reporter-output>
          </reporter-output>
        </test-method> <!-- setEnv -->
        <test-method status="PASS" signature="ClickOnCustomersLinkTest()[pri:32, instance:com.shopcart.qa.testpages.DashboardTest@5622fdf]" name="ClickOnCustomersLinkTest" duration-ms="4859" started-at="2019-05-03T14:16:32Z" finished-at="2019-05-03T14:16:37Z">
          <reporter-output>
          </reporter-output>
        </test-method> <!-- ClickOnCustomersLinkTest -->
        <test-method status="PASS" signature="tearDown()[pri:0, instance:com.shopcart.qa.testpages.DashboardTest@5622fdf]" name="tearDown" is-config="true" duration-ms="730" started-at="2019-05-03T14:16:37Z" finished-at="2019-05-03T14:16:37Z">
          <reporter-output>
          </reporter-output>
        </test-method> <!-- tearDown -->
        <test-method status="PASS" signature="setEnv()[pri:0, instance:com.shopcart.qa.testpages.DashboardTest@5622fdf]" name="setEnv" is-config="true" duration-ms="4783" started-at="2019-05-03T14:16:37Z" finished-at="2019-05-03T14:16:42Z">
          <reporter-output>
          </reporter-output>
        </test-method> <!-- setEnv -->
        <test-method status="PASS" signature="verifyPriceRulesIconTest()[pri:33, instance:com.shopcart.qa.testpages.DashboardTest@5622fdf]" name="verifyPriceRulesIconTest" duration-ms="3351" started-at="2019-05-03T14:16:42Z" finished-at="2019-05-03T14:16:45Z">
          <reporter-output>
          </reporter-output>
        </test-method> <!-- verifyPriceRulesIconTest -->
        <test-method status="PASS" signature="tearDown()[pri:0, instance:com.shopcart.qa.testpages.DashboardTest@5622fdf]" name="tearDown" is-config="true" duration-ms="757" started-at="2019-05-03T14:16:46Z" finished-at="2019-05-03T14:16:46Z">
          <reporter-output>
          </reporter-output>
        </test-method> <!-- tearDown -->
        <test-method status="PASS" signature="setEnv()[pri:0, instance:com.shopcart.qa.testpages.DashboardTest@5622fdf]" name="setEnv" is-config="true" duration-ms="5378" started-at="2019-05-03T14:16:46Z" finished-at="2019-05-03T14:16:52Z">
          <reporter-output>
          </reporter-output>
        </test-method> <!-- setEnv -->
        <test-method status="PASS" signature="ClickOnPriceRulesLinkTest()[pri:34, instance:com.shopcart.qa.testpages.DashboardTest@5622fdf]" name="ClickOnPriceRulesLinkTest" duration-ms="4249" started-at="2019-05-03T14:16:52Z" finished-at="2019-05-03T14:16:56Z">
          <reporter-output>
          </reporter-output>
        </test-method> <!-- ClickOnPriceRulesLinkTest -->
        <test-method status="PASS" signature="tearDown()[pri:0, instance:com.shopcart.qa.testpages.DashboardTest@5622fdf]" name="tearDown" is-config="true" duration-ms="784" started-at="2019-05-03T14:16:56Z" finished-at="2019-05-03T14:16:57Z">
          <reporter-output>
          </reporter-output>
        </test-method> <!-- tearDown -->
        <test-method status="PASS" signature="setEnv()[pri:0, instance:com.shopcart.qa.testpages.DashboardTest@5622fdf]" name="setEnv" is-config="true" duration-ms="4887" started-at="2019-05-03T14:16:57Z" finished-at="2019-05-03T14:17:02Z">
          <reporter-output>
          </reporter-output>
        </test-method> <!-- setEnv -->
        <test-method status="PASS" signature="verifyModulesAndServicesIconTest()[pri:35, instance:com.shopcart.qa.testpages.DashboardTest@5622fdf]" name="verifyModulesAndServicesIconTest" duration-ms="4133" started-at="2019-05-03T14:17:02Z" finished-at="2019-05-03T14:17:06Z">
          <reporter-output>
          </reporter-output>
        </test-method> <!-- verifyModulesAndServicesIconTest -->
        <test-method status="PASS" signature="tearDown()[pri:0, instance:com.shopcart.qa.testpages.DashboardTest@5622fdf]" name="tearDown" is-config="true" duration-ms="744" started-at="2019-05-03T14:17:06Z" finished-at="2019-05-03T14:17:06Z">
          <reporter-output>
          </reporter-output>
        </test-method> <!-- tearDown -->
        <test-method status="PASS" signature="setEnv()[pri:0, instance:com.shopcart.qa.testpages.DashboardTest@5622fdf]" name="setEnv" is-config="true" duration-ms="4900" started-at="2019-05-03T14:17:06Z" finished-at="2019-05-03T14:17:11Z">
          <reporter-output>
          </reporter-output>
        </test-method> <!-- setEnv -->
        <test-method status="PASS" signature="ClickOnModulesAndServicesLinkTest()[pri:36, instance:com.shopcart.qa.testpages.DashboardTest@5622fdf]" name="ClickOnModulesAndServicesLinkTest" duration-ms="12465" started-at="2019-05-03T14:17:11Z" finished-at="2019-05-03T14:17:24Z">
          <reporter-output>
          </reporter-output>
        </test-method> <!-- ClickOnModulesAndServicesLinkTest -->
        <test-method status="PASS" signature="tearDown()[pri:0, instance:com.shopcart.qa.testpages.DashboardTest@5622fdf]" name="tearDown" is-config="true" duration-ms="1291" started-at="2019-05-03T14:17:24Z" finished-at="2019-05-03T14:17:25Z">
          <reporter-output>
          </reporter-output>
        </test-method> <!-- tearDown -->
        <test-method status="PASS" signature="setEnv()[pri:0, instance:com.shopcart.qa.testpages.DashboardTest@5622fdf]" name="setEnv" is-config="true" duration-ms="5505" started-at="2019-05-03T14:17:25Z" finished-at="2019-05-03T14:17:31Z">
          <reporter-output>
          </reporter-output>
        </test-method> <!-- setEnv -->
        <test-method status="PASS" signature="verifyShippingIconTest()[pri:37, instance:com.shopcart.qa.testpages.DashboardTest@5622fdf]" name="verifyShippingIconTest" duration-ms="3598" started-at="2019-05-03T14:17:31Z" finished-at="2019-05-03T14:17:34Z">
          <reporter-output>
          </reporter-output>
        </test-method> <!-- verifyShippingIconTest -->
        <test-method status="PASS" signature="tearDown()[pri:0, instance:com.shopcart.qa.testpages.DashboardTest@5622fdf]" name="tearDown" is-config="true" duration-ms="747" started-at="2019-05-03T14:17:34Z" finished-at="2019-05-03T14:17:35Z">
          <reporter-output>
          </reporter-output>
        </test-method> <!-- tearDown -->
        <test-method status="PASS" signature="setEnv()[pri:0, instance:com.shopcart.qa.testpages.DashboardTest@5622fdf]" name="setEnv" is-config="true" duration-ms="5074" started-at="2019-05-03T14:17:35Z" finished-at="2019-05-03T14:17:40Z">
          <reporter-output>
          </reporter-output>
        </test-method> <!-- setEnv -->
        <test-method status="PASS" signature="ClickOnShippingLinkTest()[pri:38, instance:com.shopcart.qa.testpages.DashboardTest@5622fdf]" name="ClickOnShippingLinkTest" duration-ms="4369" started-at="2019-05-03T14:17:40Z" finished-at="2019-05-03T14:17:44Z">
          <reporter-output>
          </reporter-output>
        </test-method> <!-- ClickOnShippingLinkTest -->
        <test-method status="PASS" signature="tearDown()[pri:0, instance:com.shopcart.qa.testpages.DashboardTest@5622fdf]" name="tearDown" is-config="true" duration-ms="696" started-at="2019-05-03T14:17:44Z" finished-at="2019-05-03T14:17:45Z">
          <reporter-output>
          </reporter-output>
        </test-method> <!-- tearDown -->
        <test-method status="PASS" signature="setEnv()[pri:0, instance:com.shopcart.qa.testpages.DashboardTest@5622fdf]" name="setEnv" is-config="true" duration-ms="5698" started-at="2019-05-03T14:17:45Z" finished-at="2019-05-03T14:17:51Z">
          <reporter-output>
          </reporter-output>
        </test-method> <!-- setEnv -->
        <test-method status="PASS" signature="verifyLocalizationIconTest()[pri:39, instance:com.shopcart.qa.testpages.DashboardTest@5622fdf]" name="verifyLocalizationIconTest" duration-ms="3810" started-at="2019-05-03T14:17:51Z" finished-at="2019-05-03T14:17:55Z">
          <reporter-output>
          </reporter-output>
        </test-method> <!-- verifyLocalizationIconTest -->
        <test-method status="PASS" signature="tearDown()[pri:0, instance:com.shopcart.qa.testpages.DashboardTest@5622fdf]" name="tearDown" is-config="true" duration-ms="727" started-at="2019-05-03T14:17:55Z" finished-at="2019-05-03T14:17:55Z">
          <reporter-output>
          </reporter-output>
        </test-method> <!-- tearDown -->
        <test-method status="PASS" signature="setEnv()[pri:0, instance:com.shopcart.qa.testpages.DashboardTest@5622fdf]" name="setEnv" is-config="true" duration-ms="5020" started-at="2019-05-03T14:17:55Z" finished-at="2019-05-03T14:18:00Z">
          <reporter-output>
          </reporter-output>
        </test-method> <!-- setEnv -->
        <test-method status="PASS" signature="ClickOnLocalizationLinkTest()[pri:40, instance:com.shopcart.qa.testpages.DashboardTest@5622fdf]" name="ClickOnLocalizationLinkTest" duration-ms="6532" started-at="2019-05-03T14:18:00Z" finished-at="2019-05-03T14:18:07Z">
          <reporter-output>
          </reporter-output>
        </test-method> <!-- ClickOnLocalizationLinkTest -->
        <test-method status="PASS" signature="tearDown()[pri:0, instance:com.shopcart.qa.testpages.DashboardTest@5622fdf]" name="tearDown" is-config="true" duration-ms="720" started-at="2019-05-03T14:18:07Z" finished-at="2019-05-03T14:18:08Z">
          <reporter-output>
          </reporter-output>
        </test-method> <!-- tearDown -->
        <test-method status="PASS" signature="setEnv()[pri:0, instance:com.shopcart.qa.testpages.DashboardTest@5622fdf]" name="setEnv" is-config="true" duration-ms="4733" started-at="2019-05-03T14:18:08Z" finished-at="2019-05-03T14:18:12Z">
          <reporter-output>
          </reporter-output>
        </test-method> <!-- setEnv -->
        <test-method status="PASS" signature="verifyPreferenceIconTest()[pri:41, instance:com.shopcart.qa.testpages.DashboardTest@5622fdf]" name="verifyPreferenceIconTest" duration-ms="3236" started-at="2019-05-03T14:18:12Z" finished-at="2019-05-03T14:18:16Z">
          <reporter-output>
          </reporter-output>
        </test-method> <!-- verifyPreferenceIconTest -->
        <test-method status="PASS" signature="tearDown()[pri:0, instance:com.shopcart.qa.testpages.DashboardTest@5622fdf]" name="tearDown" is-config="true" duration-ms="772" started-at="2019-05-03T14:18:16Z" finished-at="2019-05-03T14:18:16Z">
          <reporter-output>
          </reporter-output>
        </test-method> <!-- tearDown -->
        <test-method status="PASS" signature="setEnv()[pri:0, instance:com.shopcart.qa.testpages.DashboardTest@5622fdf]" name="setEnv" is-config="true" duration-ms="5087" started-at="2019-05-03T14:18:16Z" finished-at="2019-05-03T14:18:21Z">
          <reporter-output>
          </reporter-output>
        </test-method> <!-- setEnv -->
        <test-method status="PASS" signature="ClickOnPreferenceLinkTest()[pri:42, instance:com.shopcart.qa.testpages.DashboardTest@5622fdf]" name="ClickOnPreferenceLinkTest" duration-ms="3747" started-at="2019-05-03T14:18:21Z" finished-at="2019-05-03T14:18:25Z">
          <reporter-output>
          </reporter-output>
        </test-method> <!-- ClickOnPreferenceLinkTest -->
        <test-method status="PASS" signature="tearDown()[pri:0, instance:com.shopcart.qa.testpages.DashboardTest@5622fdf]" name="tearDown" is-config="true" duration-ms="730" started-at="2019-05-03T14:18:25Z" finished-at="2019-05-03T14:18:26Z">
          <reporter-output>
          </reporter-output>
        </test-method> <!-- tearDown -->
        <test-method status="PASS" signature="setEnv()[pri:0, instance:com.shopcart.qa.testpages.DashboardTest@5622fdf]" name="setEnv" is-config="true" duration-ms="5457" started-at="2019-05-03T14:18:26Z" finished-at="2019-05-03T14:18:31Z">
          <reporter-output>
          </reporter-output>
        </test-method> <!-- setEnv -->
        <test-method status="PASS" signature="verifyAdvParametersIconTest()[pri:43, instance:com.shopcart.qa.testpages.DashboardTest@5622fdf]" name="verifyAdvParametersIconTest" duration-ms="3576" started-at="2019-05-03T14:18:31Z" finished-at="2019-05-03T14:18:35Z">
          <reporter-output>
          </reporter-output>
        </test-method> <!-- verifyAdvParametersIconTest -->
        <test-method status="PASS" signature="tearDown()[pri:0, instance:com.shopcart.qa.testpages.DashboardTest@5622fdf]" name="tearDown" is-config="true" duration-ms="765" started-at="2019-05-03T14:18:35Z" finished-at="2019-05-03T14:18:36Z">
          <reporter-output>
          </reporter-output>
        </test-method> <!-- tearDown -->
        <test-method status="PASS" signature="setEnv()[pri:0, instance:com.shopcart.qa.testpages.DashboardTest@5622fdf]" name="setEnv" is-config="true" duration-ms="5424" started-at="2019-05-03T14:18:36Z" finished-at="2019-05-03T14:18:41Z">
          <reporter-output>
          </reporter-output>
        </test-method> <!-- setEnv -->
        <test-method status="PASS" signature="ClickOnAdvParametersIconTest()[pri:44, instance:com.shopcart.qa.testpages.DashboardTest@5622fdf]" name="ClickOnAdvParametersIconTest" duration-ms="11066" started-at="2019-05-03T14:18:41Z" finished-at="2019-05-03T14:18:52Z">
          <reporter-output>
          </reporter-output>
        </test-method> <!-- ClickOnAdvParametersIconTest -->
        <test-method status="PASS" signature="tearDown()[pri:0, instance:com.shopcart.qa.testpages.DashboardTest@5622fdf]" name="tearDown" is-config="true" duration-ms="731" started-at="2019-05-03T14:18:52Z" finished-at="2019-05-03T14:18:53Z">
          <reporter-output>
          </reporter-output>
        </test-method> <!-- tearDown -->
        <test-method status="PASS" signature="setEnv()[pri:0, instance:com.shopcart.qa.testpages.DashboardTest@5622fdf]" name="setEnv" is-config="true" duration-ms="6663" started-at="2019-05-03T14:18:53Z" finished-at="2019-05-03T14:19:00Z">
          <reporter-output>
          </reporter-output>
        </test-method> <!-- setEnv -->
        <test-method status="PASS" signature="verifyAdministrationIconTest()[pri:45, instance:com.shopcart.qa.testpages.DashboardTest@5622fdf]" name="verifyAdministrationIconTest" duration-ms="3331" started-at="2019-05-03T14:19:00Z" finished-at="2019-05-03T14:19:03Z">
          <reporter-output>
          </reporter-output>
        </test-method> <!-- verifyAdministrationIconTest -->
        <test-method status="PASS" signature="tearDown()[pri:0, instance:com.shopcart.qa.testpages.DashboardTest@5622fdf]" name="tearDown" is-config="true" duration-ms="732" started-at="2019-05-03T14:19:03Z" finished-at="2019-05-03T14:19:04Z">
          <reporter-output>
          </reporter-output>
        </test-method> <!-- tearDown -->
        <test-method status="PASS" signature="setEnv()[pri:0, instance:com.shopcart.qa.testpages.DashboardTest@5622fdf]" name="setEnv" is-config="true" duration-ms="6072" started-at="2019-05-03T14:19:04Z" finished-at="2019-05-03T14:19:10Z">
          <reporter-output>
          </reporter-output>
        </test-method> <!-- setEnv -->
        <test-method status="PASS" signature="ClickOnAdministrationlinkTest()[pri:46, instance:com.shopcart.qa.testpages.DashboardTest@5622fdf]" name="ClickOnAdministrationlinkTest" duration-ms="4296" started-at="2019-05-03T14:19:10Z" finished-at="2019-05-03T14:19:14Z">
          <reporter-output>
          </reporter-output>
        </test-method> <!-- ClickOnAdministrationlinkTest -->
        <test-method status="PASS" signature="tearDown()[pri:0, instance:com.shopcart.qa.testpages.DashboardTest@5622fdf]" name="tearDown" is-config="true" duration-ms="735" started-at="2019-05-03T14:19:14Z" finished-at="2019-05-03T14:19:15Z">
          <reporter-output>
          </reporter-output>
        </test-method> <!-- tearDown -->
        <test-method status="PASS" signature="setEnv()[pri:0, instance:com.shopcart.qa.testpages.DashboardTest@5622fdf]" name="setEnv" is-config="true" duration-ms="5025" started-at="2019-05-03T14:19:15Z" finished-at="2019-05-03T14:19:20Z">
          <reporter-output>
          </reporter-output>
        </test-method> <!-- setEnv -->
        <test-method status="PASS" signature="verifyStatsIconTest()[pri:47, instance:com.shopcart.qa.testpages.DashboardTest@5622fdf]" name="verifyStatsIconTest" duration-ms="3326" started-at="2019-05-03T14:19:20Z" finished-at="2019-05-03T14:19:23Z">
          <reporter-output>
          </reporter-output>
        </test-method> <!-- verifyStatsIconTest -->
        <test-method status="PASS" signature="tearDown()[pri:0, instance:com.shopcart.qa.testpages.DashboardTest@5622fdf]" name="tearDown" is-config="true" duration-ms="716" started-at="2019-05-03T14:19:23Z" finished-at="2019-05-03T14:19:24Z">
          <reporter-output>
          </reporter-output>
        </test-method> <!-- tearDown -->
        <test-method status="PASS" signature="setEnv()[pri:0, instance:com.shopcart.qa.testpages.DashboardTest@5622fdf]" name="setEnv" is-config="true" duration-ms="5370" started-at="2019-05-03T14:19:24Z" finished-at="2019-05-03T14:19:29Z">
          <reporter-output>
          </reporter-output>
        </test-method> <!-- setEnv -->
        <test-method status="PASS" signature="ClickOnStatsLinkTest()[pri:48, instance:com.shopcart.qa.testpages.DashboardTest@5622fdf]" name="ClickOnStatsLinkTest" duration-ms="4118" started-at="2019-05-03T14:19:29Z" finished-at="2019-05-03T14:19:33Z">
          <reporter-output>
          </reporter-output>
        </test-method> <!-- ClickOnStatsLinkTest -->
        <test-method status="PASS" signature="tearDown()[pri:0, instance:com.shopcart.qa.testpages.DashboardTest@5622fdf]" name="tearDown" is-config="true" duration-ms="704" started-at="2019-05-03T14:19:33Z" finished-at="2019-05-03T14:19:34Z">
          <reporter-output>
          </reporter-output>
        </test-method> <!-- tearDown -->
        <test-method status="PASS" signature="setEnv()[pri:0, instance:com.shopcart.qa.testpages.DashboardTest@5622fdf]" name="setEnv" is-config="true" duration-ms="4892" started-at="2019-05-03T14:19:34Z" finished-at="2019-05-03T14:19:39Z">
          <reporter-output>
          </reporter-output>
        </test-method> <!-- setEnv -->
        <test-method status="PASS" signature="verifyAlignIconLinkTest()[pri:49, instance:com.shopcart.qa.testpages.DashboardTest@5622fdf]" name="verifyAlignIconLinkTest" duration-ms="3891" started-at="2019-05-03T14:19:39Z" finished-at="2019-05-03T14:19:43Z">
          <reporter-output>
          </reporter-output>
        </test-method> <!-- verifyAlignIconLinkTest -->
        <test-method status="PASS" signature="tearDown()[pri:0, instance:com.shopcart.qa.testpages.DashboardTest@5622fdf]" name="tearDown" is-config="true" duration-ms="750" started-at="2019-05-03T14:19:43Z" finished-at="2019-05-03T14:19:44Z">
          <reporter-output>
          </reporter-output>
        </test-method> <!-- tearDown -->
        <test-method status="PASS" signature="setEnv()[pri:0, instance:com.shopcart.qa.testpages.DashboardTest@5622fdf]" name="setEnv" is-config="true" duration-ms="5377" started-at="2019-05-03T14:19:44Z" finished-at="2019-05-03T14:19:49Z">
          <reporter-output>
          </reporter-output>
        </test-method> <!-- setEnv -->
        <test-method status="PASS" signature="ClickOnAlignIconLinkTest()[pri:50, instance:com.shopcart.qa.testpages.DashboardTest@5622fdf]" name="ClickOnAlignIconLinkTest" duration-ms="3337" started-at="2019-05-03T14:19:49Z" finished-at="2019-05-03T14:19:52Z">
          <reporter-output>
          </reporter-output>
        </test-method> <!-- ClickOnAlignIconLinkTest -->
        <test-method status="PASS" signature="tearDown()[pri:0, instance:com.shopcart.qa.testpages.DashboardTest@5622fdf]" name="tearDown" is-config="true" duration-ms="757" started-at="2019-05-03T14:19:52Z" finished-at="2019-05-03T14:19:53Z">
          <reporter-output>
          </reporter-output>
        </test-method> <!-- tearDown -->
      </class> <!-- com.shopcart.qa.testpages.DashboardTest -->
    </test> <!-- Default test -->
  </suite> <!-- Default suite -->
</testng-results>
